2025-07-02 14:59:26,774 - INFO - Starting Axis Communications product scraper
2025-07-02 14:59:26,775 - INFO - Starting full product scrape
2025-07-02 14:59:26,775 - INFO - Fetching main categories from: https://www.axis.com/en-us/products
2025-07-02 14:59:29,077 - INFO - Found category: Network cameras
2025-07-02 14:59:29,077 - INFO - Found category: Network intercoms
2025-07-02 14:59:29,077 - INFO - Found category: Access control
2025-07-02 14:59:29,077 - INFO - Found category: Network audio
2025-07-02 14:59:29,077 - INFO - Found category: Wearables
2025-07-02 14:59:29,077 - INFO - Found category: Video recorders and workstations
2025-07-02 14:59:29,077 - INFO - Found category: System devices
2025-07-02 14:59:29,077 - INFO - Found category: Accessories
2025-07-02 14:59:29,077 - INFO - Found category: Analytics
2025-07-02 14:59:29,077 - INFO - Found category: Explosion-protected devices
2025-07-02 14:59:29,077 - INFO - Found category: Management software
2025-07-02 14:59:29,077 - INFO - Processing category: Network cameras
2025-07-02 14:59:29,077 - INFO - Fetching collections from category: Network cameras
2025-07-02 14:59:30,982 - INFO - Found collection: Dome cameras
2025-07-02 14:59:30,982 - INFO - Found collection: Box cameras
2025-07-02 14:59:30,982 - INFO - Found collection: Bullet cameras
2025-07-02 14:59:30,982 - INFO - Found collection: PTZ cameras
2025-07-02 14:59:30,982 - INFO - Found collection: Panoramic cameras
2025-07-02 14:59:30,982 - INFO - Found collection: Modular cameras
2025-07-02 14:59:30,982 - INFO - Found collection: Explosion-protected cameras
2025-07-02 14:59:30,982 - INFO - Found collection: Onboard cameras
2025-07-02 14:59:30,982 - INFO - Found collection: Thermal cameras
2025-07-02 14:59:30,982 - INFO - Found collection: Specialty cameras
2025-07-02 14:59:30,982 - INFO - Found collection: Canon network cameras
2025-07-02 14:59:30,982 - INFO - Processing collection: Dome cameras
2025-07-02 14:59:30,982 - INFO - Fetching series from collection: Dome cameras
2025-07-02 14:59:33,794 - INFO - Found series: AXIS M30 Dome Camera Series
2025-07-02 14:59:33,794 - INFO - Found series: AXIS M31 Dome Camera Series
2025-07-02 14:59:33,794 - INFO - Found series: AXIS M32 Dome Camera Series
2025-07-02 14:59:33,794 - INFO - Found series: AXIS M3905-R Dome Camera
2025-07-02 14:59:33,794 - INFO - Found series: AXIS M42 Dome Camera Series
2025-07-02 14:59:33,794 - INFO - Found series: AXIS M43 Panoramic Camera Series
2025-07-02 14:59:33,794 - INFO - Found series: AXIS P32 Dome Camera Series
2025-07-02 14:59:33,794 - INFO - Found series: AXIS P39 Dome Camera Series
2025-07-02 14:59:33,794 - INFO - Found series: AXIS P9117-PV Corner Camera
2025-07-02 14:59:33,794 - INFO - Found series: AXIS Q35 Dome Camera Series
2025-07-02 14:59:33,794 - INFO - Found series: AXIS Q36 Dome Camera Series
2025-07-02 14:59:33,794 - INFO - Found series: AXIS Q9216-SLV Network Camera
2025-07-02 14:59:33,794 - INFO - Found series: AXIS Q9307-LV Dome Camera
2025-07-02 14:59:33,794 - INFO - Processing series: AXIS M30 Dome Camera Series
2025-07-02 14:59:33,794 - INFO - Fetching products from series: AXIS M30 Dome Camera Series
2025-07-02 14:59:35,112 - INFO - Found product: AXIS M3057-PLR Mk II Dome Camera
2025-07-02 14:59:35,112 - INFO - Found product: AXIS M3077-PLVE Network Camera
2025-07-02 14:59:35,112 - INFO - Found product: AXIS M3085-V Dome Camera
2025-07-02 14:59:35,112 - INFO - Found product: AXIS M3086-V Dome Camera
2025-07-02 14:59:35,112 - INFO - Found product: AXIS M3088-V Dome Camera
2025-07-02 14:59:35,112 - INFO - Fetching datasheet for: AXIS M3057-PLR Mk II Dome Camera
2025-07-02 14:59:37,897 - INFO - Found datasheet: https://www.axis.com/dam/public/28/40/34/datasheet-axis-m3057-plr-mk-ii-dome-camera-en-US-487290.pdf
2025-07-02 14:59:37,897 - INFO - Downloading and parsing PDF for: AXIS M3057-PLR Mk II Dome Camera
2025-07-02 14:59:41,667 - INFO - Extracted - SoC: ARTPEC-7, Memory: 1024 MB RAM
2025-07-02 14:59:41,667 - INFO - Completed product: AXIS M3057-PLR Mk II Dome Camera
2025-07-02 14:59:41,667 - INFO - Fetching datasheet for: AXIS M3077-PLVE Network Camera
2025-07-02 14:59:42,993 - INFO - Found datasheet: https://www.axis.com/dam/public/38/7b/2a/datasheet-axis-m3077-plve-network-camera-en-US-470367.pdf
2025-07-02 14:59:42,993 - INFO - Downloading and parsing PDF for: AXIS M3077-PLVE Network Camera
2025-07-02 14:59:46,186 - INFO - Extracted - SoC: ARTPEC-7, Memory: 1024 MB RAM
2025-07-02 14:59:46,186 - INFO - Completed product: AXIS M3077-PLVE Network Camera
2025-07-02 14:59:46,186 - INFO - Fetching datasheet for: AXIS M3085-V Dome Camera
2025-07-02 14:59:48,501 - INFO - Found datasheet: https://www.axis.com/dam/public/1c/af/fc/datasheet-axis-m3085-v-dome-camera-en-US-487303.pdf
2025-07-02 14:59:48,501 - INFO - Downloading and parsing PDF for: AXIS M3085-V Dome Camera
2025-07-02 14:59:50,608 - INFO - Extracted - SoC: , Memory: 1024 MB RAM
2025-07-02 14:59:50,610 - INFO - Completed product: AXIS M3085-V Dome Camera
2025-07-02 14:59:50,610 - INFO - Fetching datasheet for: AXIS M3086-V Dome Camera
2025-07-02 14:59:52,002 - INFO - Found datasheet: https://www.axis.com/dam/public/bf/95/fa/datasheet-axis-m3086-v-dome-camera-en-US-487304.pdf
2025-07-02 14:59:52,002 - INFO - Downloading and parsing PDF for: AXIS M3086-V Dome Camera
2025-07-02 14:59:54,432 - INFO - Extracted - SoC: , Memory: 1024 MB RAM
2025-07-02 14:59:54,432 - INFO - Completed product: AXIS M3086-V Dome Camera
2025-07-02 14:59:54,432 - INFO - Fetching datasheet for: AXIS M3088-V Dome Camera
2025-07-02 14:59:57,478 - INFO - Found datasheet: https://www.axis.com/dam/public/40/dd/e5/datasheet-axis-m3088-v-dome-camera-en-US-487305.pdf
2025-07-02 14:59:57,478 - INFO - Downloading and parsing PDF for: AXIS M3088-V Dome Camera
2025-07-02 15:00:00,366 - INFO - Extracted - SoC: , Memory: 2048 MB RAM
2025-07-02 15:00:00,367 - INFO - Completed product: AXIS M3088-V Dome Camera
2025-07-02 15:00:00,367 - INFO - Processing series: AXIS M31 Dome Camera Series
2025-07-02 15:00:00,367 - INFO - Fetching products from series: AXIS M31 Dome Camera Series
2025-07-02 15:00:03,396 - INFO - Found product: AXIS M3125-LVE Dome Camera
2025-07-02 15:00:03,396 - INFO - Found product: AXIS M3126-LVE Dome Camera
2025-07-02 15:00:03,396 - INFO - Found product: AXIS M3128-LVE Dome Camera
2025-07-02 15:00:03,396 - INFO - Fetching datasheet for: AXIS M3125-LVE Dome Camera
2025-07-02 15:00:05,818 - INFO - Found datasheet: https://www.axis.com/dam/public/ec/dc/45/datasheet-axis-m3125-lve-dome-camera-en-US-487342.pdf
2025-07-02 15:00:05,819 - INFO - Downloading and parsing PDF for: AXIS M3125-LVE Dome Camera
2025-07-02 15:00:08,503 - INFO - Extracted - SoC: , Memory: 1024 MB RAM
2025-07-02 15:00:08,503 - INFO - Completed product: AXIS M3125-LVE Dome Camera
2025-07-02 15:00:08,503 - INFO - Fetching datasheet for: AXIS M3126-LVE Dome Camera
2025-07-02 15:00:11,053 - INFO - Found datasheet: https://www.axis.com/dam/public/67/b8/4d/datasheet-axis-m3126-lve-dome-camera-en-US-487341.pdf
2025-07-02 15:00:11,053 - INFO - Downloading and parsing PDF for: AXIS M3126-LVE Dome Camera
2025-07-02 15:00:13,102 - INFO - Extracted - SoC: , Memory: 1024 MB RAM
2025-07-02 15:00:13,102 - INFO - Completed product: AXIS M3126-LVE Dome Camera
2025-07-02 15:00:13,102 - INFO - Fetching datasheet for: AXIS M3128-LVE Dome Camera
2025-07-02 15:00:14,691 - INFO - Found datasheet: https://www.axis.com/dam/public/33/69/3b/datasheet-axis-m3128-lve-dome-camera-en-US-487340.pdf
2025-07-02 15:00:14,691 - INFO - Downloading and parsing PDF for: AXIS M3128-LVE Dome Camera
2025-07-02 15:00:17,876 - INFO - Extracted - SoC: , Memory: 2048 MB RAM
2025-07-02 15:00:17,877 - INFO - Completed product: AXIS M3128-LVE Dome Camera
2025-07-02 15:00:17,877 - INFO - Processing series: AXIS M32 Dome Camera Series
2025-07-02 15:00:17,877 - INFO - Fetching products from series: AXIS M32 Dome Camera Series
2025-07-02 15:00:20,624 - INFO - Found product: AXIS M3215-LVE Dome Camera
2025-07-02 15:00:20,624 - INFO - Found product: AXIS M3216-LVE Dome Camera
2025-07-02 15:00:20,624 - INFO - Fetching datasheet for: AXIS M3215-LVE Dome Camera
2025-07-02 15:00:24,997 - INFO - Found datasheet: https://www.axis.com/dam/public/cd/62/f5/datasheet-axis-m3215-lve-dome-camera-en-US-487309.pdf
2025-07-02 15:00:24,997 - INFO - Downloading and parsing PDF for: AXIS M3215-LVE Dome Camera
2025-07-02 15:00:27,935 - INFO - Extracted - SoC: KS, Memory: 1024 MB RAM
2025-07-02 15:00:27,936 - INFO - Completed product: AXIS M3215-LVE Dome Camera
2025-07-02 15:00:27,936 - INFO - Fetching datasheet for: AXIS M3216-LVE Dome Camera
2025-07-02 15:00:29,764 - INFO - Found datasheet: https://www.axis.com/dam/public/68/37/0b/datasheet-axis-m3216-lve-dome-camera-en-US-487308.pdf
2025-07-02 15:00:29,764 - INFO - Downloading and parsing PDF for: AXIS M3216-LVE Dome Camera
2025-07-02 15:00:32,815 - INFO - Extracted - SoC: KS, Memory: 1024 MB RAM
2025-07-02 15:00:32,816 - INFO - Completed product: AXIS M3216-LVE Dome Camera
2025-07-02 15:00:32,816 - INFO - Saved 10 products to progress_results.json
2025-07-02 15:00:32,816 - INFO - Processing series: AXIS M3905-R Dome Camera
2025-07-02 15:00:32,816 - INFO - Fetching products from series: AXIS M3905-R Dome Camera
2025-07-02 15:00:35,173 - INFO - Found single product: AXIS M3905-R Dome Camera
2025-07-02 15:00:35,173 - INFO - Fetching datasheet for: AXIS M3905-R Dome Camera
2025-07-02 15:00:38,812 - INFO - Found datasheet: https://www.axis.com/dam/public/09/01/d9/datasheet-axis-m3905-r-dome-camera-en-US-487315.pdf
2025-07-02 15:00:38,812 - INFO - Downloading and parsing PDF for: AXIS M3905-R Dome Camera
2025-07-02 15:00:40,521 - INFO - Extracted - SoC: KS, Memory: 1024 MB RAM
2025-07-02 15:00:40,522 - INFO - Completed product: AXIS M3905-R Dome Camera
2025-07-02 15:00:40,522 - INFO - Processing series: AXIS M42 Dome Camera Series
2025-07-02 15:00:40,522 - INFO - Fetching products from series: AXIS M42 Dome Camera Series
2025-07-02 15:00:42,716 - INFO - Found product: AXIS M4215-LV Dome Camera
2025-07-02 15:00:42,716 - INFO - Found product: AXIS M4215-V Dome Camera
2025-07-02 15:00:42,716 - INFO - Found product: AXIS M4216-LV Dome Camera
2025-07-02 15:00:42,716 - INFO - Found product: AXIS M4216-V Dome Camera
2025-07-02 15:00:42,716 - INFO - Found product: AXIS M4218-LV Dome Camera
2025-07-02 15:00:42,716 - INFO - Found product: AXIS M4218-V Dome Camera
2025-07-02 15:00:42,716 - INFO - Found product: AXIS M4225-LVE Dome Camera
2025-07-02 15:00:42,716 - INFO - Found product: AXIS M4227-LVE Dome Camera
2025-07-02 15:00:42,716 - INFO - Found product: AXIS M4228-LVE Dome Camera
2025-07-02 15:00:42,716 - INFO - Fetching datasheet for: AXIS M4215-LV Dome Camera
2025-07-02 15:00:45,643 - INFO - Found datasheet: https://www.axis.com/dam/public/f2/33/25/datasheet-axis-m4215-lv-dome-camera-en-US-487319.pdf
2025-07-02 15:00:45,643 - INFO - Downloading and parsing PDF for: AXIS M4215-LV Dome Camera
2025-07-02 15:00:47,606 - INFO - Extracted - SoC: , Memory: 1024 MB RAM
2025-07-02 15:00:47,607 - INFO - Completed product: AXIS M4215-LV Dome Camera
2025-07-02 15:00:47,607 - INFO - Fetching datasheet for: AXIS M4215-V Dome Camera
2025-07-02 15:00:51,908 - INFO - Found datasheet: https://www.axis.com/dam/public/f5/bd/b4/datasheet-axis-m4215-v-dome-camera-en-US-487318.pdf
2025-07-02 15:00:51,908 - INFO - Downloading and parsing PDF for: AXIS M4215-V Dome Camera
2025-07-02 15:00:56,101 - INFO - Extracted - SoC: , Memory: 1024 MB RAM
2025-07-02 15:00:56,106 - INFO - Completed product: AXIS M4215-V Dome Camera
2025-07-02 15:00:56,106 - INFO - Fetching datasheet for: AXIS M4216-LV Dome Camera
2025-07-02 15:00:57,724 - INFO - Found datasheet: https://www.axis.com/dam/public/5a/60/ba/datasheet-axis-m4216-lv-dome-camera-en-US-487285.pdf
2025-07-02 15:00:57,724 - INFO - Downloading and parsing PDF for: AXIS M4216-LV Dome Camera
2025-07-02 15:01:01,557 - INFO - Extracted - SoC: , Memory: 1024 MB RAM
2025-07-02 15:01:01,558 - INFO - Completed product: AXIS M4216-LV Dome Camera
2025-07-02 15:01:01,558 - INFO - Fetching datasheet for: AXIS M4216-V Dome Camera
2025-07-02 15:01:04,930 - INFO - Found datasheet: https://www.axis.com/dam/public/e7/12/0b/datasheet-axis-m4216–v-dome-camera-en-US-487286.pdf
2025-07-02 15:01:04,930 - INFO - Downloading and parsing PDF for: AXIS M4216-V Dome Camera
2025-07-02 15:01:08,450 - INFO - Extracted - SoC: , Memory: 1024 MB RAM
2025-07-02 15:01:08,451 - INFO - Completed product: AXIS M4216-V Dome Camera
2025-07-02 15:01:08,451 - INFO - Fetching datasheet for: AXIS M4218-LV Dome Camera
2025-07-02 15:01:10,686 - INFO - Found datasheet: https://www.axis.com/dam/public/13/ea/39/datasheet-axis-m4218-lv-dome-camera-en-US-487320.pdf
2025-07-02 15:01:10,686 - INFO - Downloading and parsing PDF for: AXIS M4218-LV Dome Camera
2025-07-02 15:01:14,775 - INFO - Extracted - SoC: , Memory: 2048 MB RAM
2025-07-02 15:01:14,781 - INFO - Completed product: AXIS M4218-LV Dome Camera
2025-07-02 15:01:14,781 - INFO - Fetching datasheet for: AXIS M4218-V Dome Camera
2025-07-02 15:01:17,676 - INFO - Found datasheet: https://www.axis.com/dam/public/ae/b0/46/datasheet-axis-m4218-v-dome-camera-en-US-487321.pdf
2025-07-02 15:01:17,676 - INFO - Downloading and parsing PDF for: AXIS M4218-V Dome Camera
2025-07-02 15:01:21,659 - INFO - Extracted - SoC: , Memory: 2048 MB RAM
2025-07-02 15:01:21,668 - INFO - Completed product: AXIS M4218-V Dome Camera
2025-07-02 15:01:21,668 - INFO - Fetching datasheet for: AXIS M4225-LVE Dome Camera
2025-07-02 15:01:23,213 - INFO - Found datasheet: https://www.axis.com/dam/public/0b/72/e5/datasheet-axis-m4225-lve-dome-camera-en-US-487970.pdf
2025-07-02 15:01:23,213 - INFO - Downloading and parsing PDF for: AXIS M4225-LVE Dome Camera
2025-07-02 15:01:25,928 - ERROR - Failed to extract from PDF temp_AXIS_M4225-LVE_Dome_Camera.pdf: Cannot open empty file: filename='temp_AXIS_M4225-LVE_Dome_Camera.pdf'.
2025-07-02 15:01:25,929 - INFO - Completed product: AXIS M4225-LVE Dome Camera
2025-07-02 15:01:25,929 - INFO - Fetching datasheet for: AXIS M4227-LVE Dome Camera
2025-07-02 15:01:27,106 - INFO - Found datasheet: https://www.axis.com/dam/public/95/c2/e9/datasheet-axis-m4227-lve-dome-camera-en-US-487969.pdf
2025-07-02 15:01:27,106 - INFO - Downloading and parsing PDF for: AXIS M4227-LVE Dome Camera
2025-07-02 15:01:28,541 - ERROR - Failed to extract from PDF temp_AXIS_M4227-LVE_Dome_Camera.pdf: Cannot open empty file: filename='temp_AXIS_M4227-LVE_Dome_Camera.pdf'.
2025-07-02 15:01:28,541 - INFO - Completed product: AXIS M4227-LVE Dome Camera
2025-07-02 15:01:28,541 - INFO - Fetching datasheet for: AXIS M4228-LVE Dome Camera
2025-07-02 15:01:30,837 - INFO - Found datasheet: https://www.axis.com/dam/public/1b/73/ec/datasheet-axis-m4228-lve-dome-camera-en-US-487968.pdf
2025-07-02 15:01:30,837 - INFO - Downloading and parsing PDF for: AXIS M4228-LVE Dome Camera
2025-07-02 15:01:33,928 - ERROR - Failed to extract from PDF temp_AXIS_M4228-LVE_Dome_Camera.pdf: Cannot open empty file: filename='temp_AXIS_M4228-LVE_Dome_Camera.pdf'.
2025-07-02 15:01:33,928 - INFO - Completed product: AXIS M4228-LVE Dome Camera
2025-07-02 15:01:33,929 - INFO - Saved 20 products to progress_results.json
2025-07-02 15:01:33,929 - INFO - Processing series: AXIS M43 Panoramic Camera Series
2025-07-02 15:01:33,929 - INFO - Fetching products from series: AXIS M43 Panoramic Camera Series
2025-07-02 15:01:37,919 - INFO - Found product: AXIS M4308-PLE Panoramic Camera
2025-07-02 15:01:37,919 - INFO - Found product: AXIS M4317-PLR Panoramic Camera
2025-07-02 15:01:37,919 - INFO - Found product: AXIS M4317-PLVE Panoramic Camera
2025-07-02 15:01:37,919 - INFO - Found product: AXIS M4318-PLR Panoramic Camera
2025-07-02 15:01:37,919 - INFO - Found product: AXIS M4318-PLVE Panoramic Camera
2025-07-02 15:01:37,919 - INFO - Found product: AXIS M4327-P Panoramic Camera
2025-07-02 15:01:37,919 - INFO - Found product: AXIS M4328-P Panoramic Camera
2025-07-02 15:01:37,920 - INFO - Fetching datasheet for: AXIS M4308-PLE Panoramic Camera
2025-07-02 15:01:39,292 - INFO - Found datasheet: https://www.axis.com/dam/public/fe/07/a5/datasheet-axis-m4308-ple-panoramic-camera-en-US-487283.pdf
2025-07-02 15:01:39,292 - INFO - Downloading and parsing PDF for: AXIS M4308-PLE Panoramic Camera
2025-07-02 15:01:44,213 - INFO - Extracted - SoC: ARTPEC-7, Memory: 2 GB RAM
2025-07-02 15:01:44,214 - INFO - Completed product: AXIS M4308-PLE Panoramic Camera
2025-07-02 15:01:44,215 - INFO - Fetching datasheet for: AXIS M4317-PLR Panoramic Camera
2025-07-02 15:01:46,708 - INFO - Found datasheet: https://www.axis.com/dam/public/07/27/d0/datasheet-axis-m4317-plr-panoramic-camera-en-US-487302.pdf
2025-07-02 15:01:46,708 - INFO - Downloading and parsing PDF for: AXIS M4317-PLR Panoramic Camera
2025-07-02 15:01:49,568 - INFO - Extracted - SoC: ARTPEC-8, Memory: 2048 MB RAM
2025-07-02 15:01:49,569 - INFO - Completed product: AXIS M4317-PLR Panoramic Camera
2025-07-02 15:01:49,569 - INFO - Fetching datasheet for: AXIS M4317-PLVE Panoramic Camera
2025-07-02 15:01:52,664 - INFO - Found datasheet: https://www.axis.com/dam/public/2f/c5/c3/datasheet-axis-m4317-plve-panoramic-camera-en-US-487292.pdf
2025-07-02 15:01:52,664 - INFO - Downloading and parsing PDF for: AXIS M4317-PLVE Panoramic Camera
2025-07-02 15:01:56,106 - INFO - Extracted - SoC: ARTPEC-8, Memory: 2048 MB RAM
2025-07-02 15:01:56,107 - INFO - Completed product: AXIS M4317-PLVE Panoramic Camera
2025-07-02 15:01:56,107 - INFO - Fetching datasheet for: AXIS M4318-PLR Panoramic Camera
2025-07-02 15:01:57,448 - INFO - Found datasheet: https://www.axis.com/dam/public/e8/08/0b/datasheet-axis-m4318-plr-panoramic-camera-en-US-487301.pdf
2025-07-02 15:01:57,448 - INFO - Downloading and parsing PDF for: AXIS M4318-PLR Panoramic Camera
2025-07-02 15:01:59,140 - INFO - Extracted - SoC: ARTPEC-8, Memory: 2048 MB RAM
2025-07-02 15:01:59,141 - INFO - Completed product: AXIS M4318-PLR Panoramic Camera
2025-07-02 15:01:59,141 - INFO - Fetching datasheet for: AXIS M4318-PLVE Panoramic Camera
2025-07-02 15:02:03,244 - INFO - Found datasheet: https://www.axis.com/dam/public/33/44/78/datasheet-axis-m4318-plve-panoramic-camera-en-US-487291.pdf
2025-07-02 15:02:03,244 - INFO - Downloading and parsing PDF for: AXIS M4318-PLVE Panoramic Camera
2025-07-02 15:02:06,009 - INFO - Extracted - SoC: ARTPEC-8, Memory: 2048 MB RAM
2025-07-02 15:02:06,010 - INFO - Completed product: AXIS M4318-PLVE Panoramic Camera
2025-07-02 15:02:06,010 - INFO - Fetching datasheet for: AXIS M4327-P Panoramic Camera
2025-07-02 15:02:08,018 - INFO - Found datasheet: https://www.axis.com/dam/public/22/76/41/datasheet-axis-m4327-p-panoramic-camera-en-US-487317.pdf
2025-07-02 15:02:08,018 - INFO - Downloading and parsing PDF for: AXIS M4327-P Panoramic Camera
2025-07-02 15:02:10,773 - INFO - Extracted - SoC: ARTPEC-8, Memory: 2048 MB RAM
2025-07-02 15:02:10,775 - INFO - Completed product: AXIS M4327-P Panoramic Camera
2025-07-02 15:02:10,775 - INFO - Fetching datasheet for: AXIS M4328-P Panoramic Camera
2025-07-02 15:02:12,683 - INFO - Found datasheet: https://www.axis.com/dam/public/dd/56/e7/datasheet-axis-m4328-p-panoramic-camera-en-US-487316.pdf
2025-07-02 15:02:12,684 - INFO - Downloading and parsing PDF for: AXIS M4328-P Panoramic Camera
2025-07-02 15:02:14,750 - INFO - Extracted - SoC: ARTPEC-8, Memory: 2048 MB RAM
2025-07-02 15:02:14,752 - INFO - Completed product: AXIS M4328-P Panoramic Camera
2025-07-02 15:02:14,752 - INFO - Processing series: AXIS P32 Dome Camera Series
2025-07-02 15:02:14,752 - INFO - Fetching products from series: AXIS P32 Dome Camera Series
2025-07-02 15:02:17,243 - INFO - Found product: AXIS P3265-LV Dome Camera
2025-07-02 15:02:17,244 - INFO - Found product: AXIS P3265-LVE Dome Camera
2025-07-02 15:02:17,244 - INFO - Found product: AXIS P3265-LVE-3 License Plate Verifier Kit
2025-07-02 15:02:17,244 - INFO - Found product: AXIS P3265-V Dome Camera
2025-07-02 15:02:17,244 - INFO - Found product: AXIS P3267-LV Dome Camera
2025-07-02 15:02:17,244 - INFO - Found product: AXIS P3267-LVE Dome Camera
2025-07-02 15:02:17,244 - INFO - Found product: AXIS P3268-LV Dome Camera
2025-07-02 15:02:17,244 - INFO - Found product: AXIS P3268-LVE Dome Camera
2025-07-02 15:02:17,244 - INFO - Found product: AXIS P3268-SLVE Dome Camera
2025-07-02 15:02:17,244 - INFO - Found product: AXIS P3277-LV Dome Camera
2025-07-02 15:02:17,244 - INFO - Found product: AXIS P3277-LVE Dome Camera
2025-07-02 15:02:17,244 - INFO - Found product: AXIS P3278-LV Dome Camera
2025-07-02 15:02:17,244 - INFO - Found product: AXIS P3278-LVE Dome Camera
2025-07-02 15:02:17,244 - INFO - Found product: AXIS P3287-LV Dome Camera
2025-07-02 15:02:17,244 - INFO - Found product: AXIS P3287-LVE Dome Camera
2025-07-02 15:02:17,244 - INFO - Found product: AXIS P3288-LV Dome Camera
2025-07-02 15:02:17,244 - INFO - Found product: AXIS P3288-LVE Dome Camera
2025-07-02 15:02:17,244 - INFO - Fetching datasheet for: AXIS P3265-LV Dome Camera
2025-07-02 15:02:18,529 - INFO - Found datasheet: https://www.axis.com/dam/public/bb/9c/e0/datasheet-axis-p3265-lv-dome-camera-en-US-487403.pdf
2025-07-02 15:02:18,529 - INFO - Downloading and parsing PDF for: AXIS P3265-LV Dome Camera
2025-07-02 15:02:20,403 - INFO - Extracted - SoC: ARTPEC-8, Memory: 1024 MB RAM
2025-07-02 15:02:20,404 - INFO - Completed product: AXIS P3265-LV Dome Camera
2025-07-02 15:02:20,404 - INFO - Fetching datasheet for: AXIS P3265-LVE Dome Camera
2025-07-02 15:02:23,237 - INFO - Found datasheet: https://www.axis.com/dam/public/ae/0d/80/datasheet-axis-p3265-lve-dome-camera-en-US-487402.pdf
2025-07-02 15:02:23,237 - INFO - Downloading and parsing PDF for: AXIS P3265-LVE Dome Camera
2025-07-02 15:02:25,669 - INFO - Extracted - SoC: ARTPEC-8, Memory: 1024 MB RAM
2025-07-02 15:02:25,670 - INFO - Completed product: AXIS P3265-LVE Dome Camera
2025-07-02 15:02:25,670 - INFO - Fetching datasheet for: AXIS P3265-LVE-3 License Plate Verifier Kit
2025-07-02 15:02:28,763 - INFO - Found datasheet: https://www.axis.com/dam/public/a6/aa/54/datasheet-axis-p3265-lve-3-license-plate-verifier-kit-en-US-487433.pdf
2025-07-02 15:02:28,763 - INFO - Downloading and parsing PDF for: AXIS P3265-LVE-3 License Plate Verifier Kit
2025-07-02 15:02:30,249 - INFO - Extracted - SoC: ARTPEC-8, Memory: 1024 MB RAM
2025-07-02 15:02:30,249 - INFO - Completed product: AXIS P3265-LVE-3 License Plate Verifier Kit
2025-07-02 15:02:30,250 - INFO - Saved 30 products to progress_results.json
2025-07-02 15:02:30,250 - INFO - Fetching datasheet for: AXIS P3265-V Dome Camera
2025-07-02 15:02:33,599 - INFO - Found datasheet: https://www.axis.com/dam/public/69/6c/fb/datasheet-axis-p3265-v-dome-camera-en-US-487404.pdf
2025-07-02 15:02:33,599 - INFO - Downloading and parsing PDF for: AXIS P3265-V Dome Camera
2025-07-02 15:02:36,755 - INFO - Extracted - SoC: ARTPEC-8, Memory: 1024 MB RAM
2025-07-02 15:02:36,755 - INFO - Completed product: AXIS P3265-V Dome Camera
2025-07-02 15:02:36,755 - INFO - Fetching datasheet for: AXIS P3267-LV Dome Camera
2025-07-02 15:02:40,201 - INFO - Found datasheet: https://www.axis.com/dam/public/82/29/6d/datasheet-axis-p3267-lv-dome-camera-en-US-487410.pdf
2025-07-02 15:02:40,201 - INFO - Downloading and parsing PDF for: AXIS P3267-LV Dome Camera
2025-07-02 15:02:41,806 - INFO - Extracted - SoC: ARTPEC-8, Memory: 2048 MB RAM
2025-07-02 15:02:41,807 - INFO - Completed product: AXIS P3267-LV Dome Camera
2025-07-02 15:02:41,807 - INFO - Fetching datasheet for: AXIS P3267-LVE Dome Camera
2025-07-02 15:02:45,092 - INFO - Found datasheet: https://www.axis.com/dam/public/7f/80/c3/datasheet-axis-p3267-lve-dome-camera-en-US-487409.pdf
2025-07-02 15:02:45,093 - INFO - Downloading and parsing PDF for: AXIS P3267-LVE Dome Camera
2025-07-02 15:02:47,356 - INFO - Extracted - SoC: ARTPEC-8, Memory: 2048 MB RAM
2025-07-02 15:02:47,357 - INFO - Completed product: AXIS P3267-LVE Dome Camera
2025-07-02 15:02:47,357 - INFO - Fetching datasheet for: AXIS P3268-LV Dome Camera
2025-07-02 15:02:49,402 - INFO - Found datasheet: https://www.axis.com/dam/public/cf/b3/5e/datasheet-axis-p3268-lv-dome-camera-en-US-487408.pdf
2025-07-02 15:02:49,402 - INFO - Downloading and parsing PDF for: AXIS P3268-LV Dome Camera
2025-07-02 15:02:52,576 - INFO - Extracted - SoC: ARTPEC-8, Memory: 2048 MB RAM
2025-07-02 15:02:52,576 - INFO - Completed product: AXIS P3268-LV Dome Camera
2025-07-02 15:02:52,576 - INFO - Fetching datasheet for: AXIS P3268-LVE Dome Camera
2025-07-02 15:02:55,760 - INFO - Found datasheet: https://www.axis.com/dam/public/47/86/e1/datasheet-axis-p3268-lve-dome-camera-en-US-487407.pdf
2025-07-02 15:02:55,761 - INFO - Downloading and parsing PDF for: AXIS P3268-LVE Dome Camera
2025-07-02 15:02:58,454 - INFO - Extracted - SoC: ARTPEC-8, Memory: 2048 MB RAM
2025-07-02 15:02:58,454 - INFO - Completed product: AXIS P3268-LVE Dome Camera
2025-07-02 15:02:58,454 - INFO - Fetching datasheet for: AXIS P3268-SLVE Dome Camera
2025-07-02 15:03:01,075 - INFO - Found datasheet: https://www.axis.com/dam/public/ab/24/8d/datasheet-axis-p3268-slve-dome-camera-en-US-487435.pdf
2025-07-02 15:03:01,075 - INFO - Downloading and parsing PDF for: AXIS P3268-SLVE Dome Camera
2025-07-02 15:03:04,603 - INFO - Extracted - SoC: ARTPEC-8, Memory: 2048 MB RAM
2025-07-02 15:03:04,603 - INFO - Completed product: AXIS P3268-SLVE Dome Camera
2025-07-02 15:03:04,603 - INFO - Fetching datasheet for: AXIS P3277-LV Dome Camera
2025-07-02 15:03:08,605 - INFO - Found datasheet: https://www.axis.com/dam/public/permalink/242045/datasheet-axis-p3277-lv-dome-camera-en-US_242045.pdf
2025-07-02 15:03:08,605 - INFO - Downloading and parsing PDF for: AXIS P3277-LV Dome Camera
2025-07-02 15:03:12,249 - INFO - Extracted - SoC: ARTPEC-9, Memory: 2 GB RAM
2025-07-02 15:03:12,249 - INFO - Completed product: AXIS P3277-LV Dome Camera
2025-07-02 15:03:12,249 - INFO - Fetching datasheet for: AXIS P3277-LVE Dome Camera
2025-07-02 15:03:15,892 - INFO - Found datasheet: https://www.axis.com/dam/public/permalink/242044/datasheet-axis-p3277-lve-dome-camera-en-US_242044.pdf
2025-07-02 15:03:15,892 - INFO - Downloading and parsing PDF for: AXIS P3277-LVE Dome Camera
2025-07-02 15:03:18,881 - INFO - Extracted - SoC: ARTPEC-9, Memory: 2 GB RAM
2025-07-02 15:03:18,882 - INFO - Completed product: AXIS P3277-LVE Dome Camera
2025-07-02 15:03:18,882 - INFO - Fetching datasheet for: AXIS P3278-LV Dome Camera
2025-07-02 15:03:22,257 - INFO - Found datasheet: https://www.axis.com/dam/public/permalink/242043/datasheet-axis-p3278-lv-dome-camera-en-US_242043.pdf
2025-07-02 15:03:22,257 - INFO - Downloading and parsing PDF for: AXIS P3278-LV Dome Camera
2025-07-02 15:03:25,399 - INFO - Extracted - SoC: ARTPEC-9, Memory: 2 GB RAM
2025-07-02 15:03:25,399 - INFO - Completed product: AXIS P3278-LV Dome Camera
2025-07-02 15:03:25,399 - INFO - Fetching datasheet for: AXIS P3278-LVE Dome Camera
2025-07-02 15:03:28,587 - INFO - Found datasheet: https://www.axis.com/dam/public/permalink/242042/datasheet-axis-p3278-lve-dome-camera-en-US_242042.pdf
2025-07-02 15:03:28,587 - INFO - Downloading and parsing PDF for: AXIS P3278-LVE Dome Camera
2025-07-02 15:03:32,450 - INFO - Extracted - SoC: ARTPEC-9, Memory: 2 GB RAM
2025-07-02 15:03:32,450 - INFO - Completed product: AXIS P3278-LVE Dome Camera
2025-07-02 15:03:32,450 - INFO - Saved 40 products to progress_results.json
2025-07-02 15:03:32,451 - INFO - Fetching datasheet for: AXIS P3287-LV Dome Camera
2025-07-02 15:03:35,432 - INFO - Found datasheet: https://www.axis.com/dam/public/permalink/242059/datasheet-axis-p3287-lv-dome-camera-en-US_242059.pdf
2025-07-02 15:03:35,432 - INFO - Downloading and parsing PDF for: AXIS P3287-LV Dome Camera
2025-07-02 15:03:38,348 - INFO - Extracted - SoC: ARTPEC-9, Memory: 2 GB RAM
2025-07-02 15:03:38,348 - INFO - Completed product: AXIS P3287-LV Dome Camera
2025-07-02 15:03:38,348 - INFO - Fetching datasheet for: AXIS P3287-LVE Dome Camera
2025-07-02 15:03:41,422 - INFO - Found datasheet: https://www.axis.com/dam/public/permalink/242100/datasheet-axis-p3287-lve-dome-camera-en-US_242100.pdf
2025-07-02 15:03:41,422 - INFO - Downloading and parsing PDF for: AXIS P3287-LVE Dome Camera
2025-07-02 15:03:45,956 - INFO - Extracted - SoC: ARTPEC-9, Memory: 2 GB RAM
2025-07-02 15:03:45,957 - INFO - Completed product: AXIS P3287-LVE Dome Camera
2025-07-02 15:03:45,957 - INFO - Fetching datasheet for: AXIS P3288-LV Dome Camera
2025-07-02 15:03:50,092 - INFO - Found datasheet: https://www.axis.com/dam/public/permalink/242061/datasheet-axis-p3288-lv-dome-camera-en-US_242061.pdf
2025-07-02 15:03:50,092 - INFO - Downloading and parsing PDF for: AXIS P3288-LV Dome Camera
2025-07-02 15:03:53,746 - INFO - Extracted - SoC: ARTPEC-9, Memory: 2 GB RAM
2025-07-02 15:03:53,746 - INFO - Completed product: AXIS P3288-LV Dome Camera
2025-07-02 15:03:53,746 - INFO - Fetching datasheet for: AXIS P3288-LVE Dome Camera
2025-07-02 15:03:56,184 - INFO - Found datasheet: https://www.axis.com/dam/public/permalink/242102/datasheet-axis-p3288-lve-dome-camera-en-US_242102.pdf
2025-07-02 15:03:56,184 - INFO - Downloading and parsing PDF for: AXIS P3288-LVE Dome Camera
2025-07-02 15:04:01,556 - INFO - Extracted - SoC: ARTPEC-9, Memory: 2 GB RAM
2025-07-02 15:04:01,557 - INFO - Completed product: AXIS P3288-LVE Dome Camera
2025-07-02 15:04:01,557 - INFO - Processing series: AXIS P39 Dome Camera Series
2025-07-02 15:04:01,557 - INFO - Fetching products from series: AXIS P39 Dome Camera Series
2025-07-02 15:04:02,747 - INFO - Found product: AXIS P3905-R Mk III Dome Camera
2025-07-02 15:04:02,748 - INFO - Found product: AXIS P3925-LRE Network Camera
2025-07-02 15:04:02,748 - INFO - Found product: AXIS P3925-R Network Camera
2025-07-02 15:04:02,748 - INFO - Found product: AXIS P3935-LR Network Camera
2025-07-02 15:04:02,748 - INFO - Fetching datasheet for: AXIS P3905-R Mk III Dome Camera
2025-07-02 15:04:05,136 - INFO - Found datasheet: https://www.axis.com/dam/public/35/dc/4a/datasheet-axis-p3905-r-mk-iii-dome-camera-en-US-487314.pdf
2025-07-02 15:04:05,136 - INFO - Downloading and parsing PDF for: AXIS P3905-R Mk III Dome Camera
2025-07-02 15:04:07,453 - INFO - Extracted - SoC: KS, Memory: 1024 MB RAM
2025-07-02 15:04:07,453 - INFO - Completed product: AXIS P3905-R Mk III Dome Camera
2025-07-02 15:04:07,453 - INFO - Fetching datasheet for: AXIS P3925-LRE Network Camera
2025-07-02 15:04:08,860 - INFO - Found datasheet: https://www.axis.com/dam/public/f5/05/fb/datasheet-axis-p3925-lre-network-camera-en-US-487374.pdf
2025-07-02 15:04:08,860 - INFO - Downloading and parsing PDF for: AXIS P3925-LRE Network Camera
2025-07-02 15:04:10,473 - INFO - Extracted - SoC: ARTPEC-7, Memory: 1 GB RAM
2025-07-02 15:04:10,474 - INFO - Completed product: AXIS P3925-LRE Network Camera
2025-07-02 15:04:10,474 - INFO - Fetching datasheet for: AXIS P3925-R Network Camera
2025-07-02 15:04:11,700 - INFO - Found datasheet: https://www.axis.com/dam/public/7c/6b/e9/datasheet-axis-p3925-r-network-camera-en-US-487631.pdf
2025-07-02 15:04:11,700 - INFO - Downloading and parsing PDF for: AXIS P3925-R Network Camera
2025-07-02 15:04:14,168 - INFO - Extracted - SoC: ARTPEC-7, Memory: 1 GB RAM
2025-07-02 15:04:14,169 - INFO - Completed product: AXIS P3925-R Network Camera
2025-07-02 15:04:14,170 - INFO - Fetching datasheet for: AXIS P3935-LR Network Camera
2025-07-02 15:04:16,875 - INFO - Found datasheet: https://www.axis.com/dam/public/14/da/29/datasheet-axis-p3935-lr-network-camera-en-US-487646.pdf
2025-07-02 15:04:16,875 - INFO - Downloading and parsing PDF for: AXIS P3935-LR Network Camera
2025-07-02 15:04:19,850 - INFO - Extracted - SoC: ARTPEC-7, Memory: 1 GB RAM
2025-07-02 15:04:19,851 - INFO - Completed product: AXIS P3935-LR Network Camera
2025-07-02 15:04:19,851 - INFO - Processing series: AXIS P9117-PV Corner Camera
2025-07-02 15:04:19,852 - INFO - Fetching products from series: AXIS P9117-PV Corner Camera
2025-07-02 15:04:21,885 - INFO - Found single product: AXIS P9117-PV Corner Camera
2025-07-02 15:04:21,885 - INFO - Fetching datasheet for: AXIS P9117-PV Corner Camera
2025-07-02 15:04:23,413 - INFO - Found datasheet: https://www.axis.com/dam/public/23/87/d0/datasheet-axis-p9117-pv-corner-camera--en-US-487440.pdf
2025-07-02 15:04:23,413 - INFO - Downloading and parsing PDF for: AXIS P9117-PV Corner Camera
2025-07-02 15:04:26,083 - INFO - Extracted - SoC: ARTPEC-8, Memory: 2048 MB RAM
2025-07-02 15:04:26,084 - INFO - Completed product: AXIS P9117-PV Corner Camera
2025-07-02 15:04:26,084 - INFO - Processing series: AXIS Q35 Dome Camera Series
2025-07-02 15:04:26,084 - INFO - Fetching products from series: AXIS Q35 Dome Camera Series
2025-07-02 15:04:28,155 - INFO - Found product: AXIS Q3536-LVE Dome Camera
2025-07-02 15:04:28,155 - INFO - Found product: AXIS Q3538-LVE Dome Camera
2025-07-02 15:04:28,155 - INFO - Found product: AXIS Q3538-SLVE Dome Camera
2025-07-02 15:04:28,155 - INFO - Found product: AXIS Q3546-LVE Dome Camera
2025-07-02 15:04:28,155 - INFO - Found product: AXIS Q3548-LVE Dome Camera
2025-07-02 15:04:28,155 - INFO - Found product: AXIS Q3556-LVE Dome Camera
2025-07-02 15:04:28,155 - INFO - Found product: AXIS Q3558-LVE Dome Camera
2025-07-02 15:04:28,155 - INFO - Fetching datasheet for: AXIS Q3536-LVE Dome Camera
2025-07-02 15:04:30,471 - INFO - Found datasheet: https://www.axis.com/dam/public/4b/59/06/datasheet-axis-q3536-lve-dome-camera-en-US-487396.pdf
2025-07-02 15:04:30,471 - INFO - Downloading and parsing PDF for: AXIS Q3536-LVE Dome Camera
2025-07-02 15:04:33,618 - INFO - Extracted - SoC: ARTPEC-8, Memory: 2048 MB RAM
2025-07-02 15:04:33,619 - INFO - Completed product: AXIS Q3536-LVE Dome Camera
2025-07-02 15:04:33,619 - INFO - Saved 50 products to progress_results.json
2025-07-02 15:04:33,619 - INFO - Fetching datasheet for: AXIS Q3538-LVE Dome Camera
2025-07-02 15:04:35,289 - INFO - Found datasheet: https://www.axis.com/dam/public/04/bd/d7/datasheet-axis-q3538-lve-dome-camera-en-US-487397.pdf
2025-07-02 15:04:35,289 - INFO - Downloading and parsing PDF for: AXIS Q3538-LVE Dome Camera
2025-07-02 15:04:38,924 - INFO - Extracted - SoC: ARTPEC-8, Memory: 2048 MB RAM
2025-07-02 15:04:38,925 - INFO - Completed product: AXIS Q3538-LVE Dome Camera
2025-07-02 15:04:38,925 - INFO - Fetching datasheet for: AXIS Q3538-SLVE Dome Camera
2025-07-02 15:04:41,985 - INFO - Found datasheet: https://www.axis.com/dam/public/75/8e/4c/datasheet-axis-q3538-slve-dome-camera--en-US-487424.pdf
2025-07-02 15:04:41,985 - INFO - Downloading and parsing PDF for: AXIS Q3538-SLVE Dome Camera
2025-07-02 15:04:44,775 - INFO - Extracted - SoC: ARTPEC-8, Memory: 2048 MB RAM
2025-07-02 15:04:44,776 - INFO - Completed product: AXIS Q3538-SLVE Dome Camera
2025-07-02 15:04:44,776 - INFO - Fetching datasheet for: AXIS Q3546-LVE Dome Camera
2025-07-02 15:04:47,801 - INFO - Found datasheet: https://www.axis.com/dam/public/8a/2b/0a/datasheet-axis-q3546-lve-dome-camera-en-US-487880.pdf
2025-07-02 15:04:47,801 - INFO - Downloading and parsing PDF for: AXIS Q3546-LVE Dome Camera
2025-07-02 15:04:50,244 - INFO - Extracted - SoC: ARTPEC-9, Memory: 4 GB RAM
2025-07-02 15:04:50,244 - INFO - Completed product: AXIS Q3546-LVE Dome Camera
2025-07-02 15:04:50,244 - INFO - Fetching datasheet for: AXIS Q3548-LVE Dome Camera
2025-07-02 15:04:52,823 - INFO - Found datasheet: https://www.axis.com/dam/public/97/bc/62/datasheet-axis-q3548-lve-dome-camera-en-US-487911.pdf
2025-07-02 15:04:52,823 - INFO - Downloading and parsing PDF for: AXIS Q3548-LVE Dome Camera
2025-07-02 15:04:54,348 - INFO - Extracted - SoC: ARTPEC-9, Memory: 4 GB RAM
2025-07-02 15:04:54,348 - INFO - Completed product: AXIS Q3548-LVE Dome Camera
2025-07-02 15:04:54,348 - INFO - Fetching datasheet for: AXIS Q3556-LVE Dome Camera
2025-07-02 15:04:57,184 - INFO - Found datasheet: https://www.axis.com/dam/public/a6/1f/8a/datasheet-axis-q3556-lve-dome-camera-en-US-487912.pdf
2025-07-02 15:04:57,185 - INFO - Downloading and parsing PDF for: AXIS Q3556-LVE Dome Camera
2025-07-02 15:05:00,299 - INFO - Extracted - SoC: ARTPEC-9, Memory: 4 GB RAM
2025-07-02 15:05:00,299 - INFO - Completed product: AXIS Q3556-LVE Dome Camera
2025-07-02 15:05:00,299 - INFO - Fetching datasheet for: AXIS Q3558-LVE Dome Camera
2025-07-02 15:05:02,163 - INFO - Found datasheet: https://www.axis.com/dam/public/d2/dd/56/datasheet-axis-q3558-lve-dome-camera-en-US-487913.pdf
2025-07-02 15:05:02,163 - INFO - Downloading and parsing PDF for: AXIS Q3558-LVE Dome Camera
2025-07-02 15:05:05,527 - INFO - Extracted - SoC: ARTPEC-9, Memory: 4 GB RAM
2025-07-02 15:05:05,528 - INFO - Completed product: AXIS Q3558-LVE Dome Camera
2025-07-02 15:05:05,528 - INFO - Processing series: AXIS Q36 Dome Camera Series
2025-07-02 15:05:05,528 - INFO - Fetching products from series: AXIS Q36 Dome Camera Series
2025-07-02 15:05:07,774 - INFO - Found product: AXIS Q3626-VE Dome Camera
2025-07-02 15:05:07,774 - INFO - Found product: AXIS Q3628-VE Dome Camera
2025-07-02 15:05:07,774 - INFO - Fetching datasheet for: AXIS Q3626-VE Dome Camera
2025-07-02 15:05:09,240 - INFO - Found datasheet: https://www.axis.com/dam/public/58/c8/c3/datasheet-axis-q3626-ve-dome-camera-en-US-487905.pdf
2025-07-02 15:05:09,240 - INFO - Downloading and parsing PDF for: AXIS Q3626-VE Dome Camera
2025-07-02 15:05:11,599 - INFO - Extracted - SoC: ARTPEC-8, Memory: 2048 MB RAM
2025-07-02 15:05:11,600 - INFO - Completed product: AXIS Q3626-VE Dome Camera
2025-07-02 15:05:11,600 - INFO - Fetching datasheet for: AXIS Q3628-VE Dome Camera
2025-07-02 15:05:13,879 - INFO - Found datasheet: https://www.axis.com/dam/public/23/a0/ea/datasheet-axis-q3628-ve-dome-camera-en-US-487904.pdf
2025-07-02 15:05:13,880 - INFO - Downloading and parsing PDF for: AXIS Q3628-VE Dome Camera
2025-07-02 15:05:16,001 - INFO - Extracted - SoC: ARTPEC-8, Memory: 2048 MB RAM
2025-07-02 15:05:16,001 - INFO - Completed product: AXIS Q3628-VE Dome Camera
2025-07-02 15:05:16,001 - INFO - Processing series: AXIS Q9216-SLV Network Camera
2025-07-02 15:05:16,001 - INFO - Fetching products from series: AXIS Q9216-SLV Network Camera
2025-07-02 15:05:17,513 - INFO - Found single product: AXIS Q9216-SLV Network Camera
2025-07-02 15:05:17,514 - INFO - Fetching datasheet for: AXIS Q9216-SLV Network Camera
2025-07-02 15:05:21,939 - INFO - Found datasheet: https://www.axis.com/dam/public/69/b2/11/datasheet-axis-q9216-slv-network-camera-en-US-463470.pdf
2025-07-02 15:05:21,940 - INFO - Downloading and parsing PDF for: AXIS Q9216-SLV Network Camera
2025-07-02 15:05:24,096 - INFO - Extracted - SoC: , Memory: 1024 MB RAM
2025-07-02 15:05:24,096 - INFO - Completed product: AXIS Q9216-SLV Network Camera
2025-07-02 15:05:24,097 - INFO - Processing series: AXIS Q9307-LV Dome Camera
2025-07-02 15:05:24,097 - INFO - Fetching products from series: AXIS Q9307-LV Dome Camera
2025-07-02 15:05:25,244 - INFO - Found single product: AXIS Q9307-LV Dome Camera
2025-07-02 15:05:25,244 - INFO - Fetching datasheet for: AXIS Q9307-LV Dome Camera
2025-07-02 15:05:29,276 - INFO - Found datasheet: https://www.axis.com/dam/public/8f/06/a5/datasheet-axis-q9307-lv-dome-camera-en-US-487454.pdf
2025-07-02 15:05:29,276 - INFO - Downloading and parsing PDF for: AXIS Q9307-LV Dome Camera
2025-07-02 15:05:32,313 - INFO - Extracted - SoC: iated, Memory: 2048 MB RAM
2025-07-02 15:05:32,313 - INFO - Completed product: AXIS Q9307-LV Dome Camera
2025-07-02 15:05:32,313 - INFO - Saved 60 products to progress_results.json
2025-07-02 15:05:32,314 - INFO - Processing collection: Box cameras
2025-07-02 15:05:32,314 - INFO - Fetching series from collection: Box cameras
2025-07-02 15:05:34,747 - INFO - Found series: AXIS M10 Box Camera Series
2025-07-02 15:05:34,747 - INFO - Found series: AXIS M11 Box Camera Series
2025-07-02 15:05:34,747 - INFO - Found series: AXIS P13 Box Camera Series
2025-07-02 15:05:34,747 - INFO - Found series: AXIS P15 Box Camera Series
2025-07-02 15:05:34,747 - INFO - Found series: AXIS Q16 Box Camera Series
2025-07-02 15:05:34,747 - INFO - Found series: AXIS Q17 Box Camera Series
2025-07-02 15:05:34,747 - INFO - Processing series: AXIS M10 Box Camera Series
2025-07-02 15:05:34,747 - INFO - Fetching products from series: AXIS M10 Box Camera Series
2025-07-02 15:05:37,166 - INFO - Found product: AXIS M1055-L Box Camera
2025-07-02 15:05:37,166 - INFO - Found product: AXIS M1075-L Box Camera
2025-07-02 15:05:37,166 - INFO - Fetching datasheet for: AXIS M1055-L Box Camera
2025-07-02 15:05:39,887 - INFO - Found datasheet: https://www.axis.com/dam/public/9b/cd/13/datasheet-axis-m1055-l-box-camera-en-US-487307.pdf
2025-07-02 15:05:39,887 - INFO - Downloading and parsing PDF for: AXIS M1055-L Box Camera
2025-07-02 15:05:41,473 - INFO - Extracted - SoC: , Memory: 1024 MB RAM
2025-07-02 15:05:41,473 - INFO - Completed product: AXIS M1055-L Box Camera
2025-07-02 15:05:41,473 - INFO - Fetching datasheet for: AXIS M1075-L Box Camera
2025-07-02 15:05:43,865 - INFO - Found datasheet: https://www.axis.com/dam/public/d4/47/c7/datasheet-axis-m1075-l-box-camera-en-US-487306.pdf
2025-07-02 15:05:43,865 - INFO - Downloading and parsing PDF for: AXIS M1075-L Box Camera
2025-07-02 15:05:45,695 - INFO - Extracted - SoC: , Memory: 1024 MB RAM
2025-07-02 15:05:45,696 - INFO - Completed product: AXIS M1075-L Box Camera
2025-07-02 15:05:45,696 - INFO - Processing series: AXIS M11 Box Camera Series
2025-07-02 15:05:45,696 - INFO - Fetching products from series: AXIS M11 Box Camera Series
2025-07-02 15:05:47,251 - INFO - Found product: AXIS M1135 Mk II Box Camera
2025-07-02 15:05:47,252 - INFO - Found product: AXIS M1135-E Mk II Box Camera
2025-07-02 15:05:47,252 - INFO - Found product: AXIS M1137 Mk II Box Camera
2025-07-02 15:05:47,252 - INFO - Found product: AXIS M1137-E Mk II Box Camera
2025-07-02 15:05:47,252 - INFO - Fetching datasheet for: AXIS M1135 Mk II Box Camera
2025-07-02 15:05:49,726 - INFO - Found datasheet: https://www.axis.com/dam/public/f9/66/c5/datasheet-axis-m1135-mk-ii-box-camera-en-US-487298.pdf
2025-07-02 15:05:49,726 - INFO - Downloading and parsing PDF for: AXIS M1135 Mk II Box Camera
2025-07-02 15:05:51,965 - INFO - Extracted - SoC: ARTPEC-7, Memory: 1024 MB RAM
2025-07-02 15:05:51,965 - INFO - Completed product: AXIS M1135 Mk II Box Camera
2025-07-02 15:05:51,965 - INFO - Fetching datasheet for: AXIS M1135-E Mk II Box Camera
2025-07-02 15:05:54,006 - INFO - Found datasheet: https://www.axis.com/dam/public/e0/a7/20/datasheet-axis-m1135-e-mk-ii-box-camera-en-US-487297.pdf
2025-07-02 15:05:54,006 - INFO - Downloading and parsing PDF for: AXIS M1135-E Mk II Box Camera
2025-07-02 15:05:56,952 - INFO - Extracted - SoC: ARTPEC-7, Memory: 1024 MB RAM
2025-07-02 15:05:56,952 - INFO - Completed product: AXIS M1135-E Mk II Box Camera
2025-07-02 15:05:56,952 - INFO - Fetching datasheet for: AXIS M1137 Mk II Box Camera
2025-07-02 15:05:58,624 - INFO - Found datasheet: https://www.axis.com/dam/public/ff/95/ff/datasheet-axis-m1137-mk-ii-box-camera-en-US-487300.pdf
2025-07-02 15:05:58,624 - INFO - Downloading and parsing PDF for: AXIS M1137 Mk II Box Camera
2025-07-02 15:06:00,898 - INFO - Extracted - SoC: ARTPEC-7, Memory: 1024 MB RAM
2025-07-02 15:06:00,899 - INFO - Completed product: AXIS M1137 Mk II Box Camera
2025-07-02 15:06:00,899 - INFO - Fetching datasheet for: AXIS M1137-E Mk II Box Camera
2025-07-02 15:06:03,690 - INFO - Found datasheet: https://www.axis.com/dam/public/2a/9e/dc/datasheet-axis-m1137-e-mk-ii-box-camera-en-US-487299.pdf
2025-07-02 15:06:03,690 - INFO - Downloading and parsing PDF for: AXIS M1137-E Mk II Box Camera
2025-07-02 15:06:05,840 - INFO - Extracted - SoC: ARTPEC-7, Memory: 1024 MB RAM
2025-07-02 15:06:05,840 - INFO - Completed product: AXIS M1137-E Mk II Box Camera
2025-07-02 15:06:05,840 - INFO - Processing series: AXIS P13 Box Camera Series
2025-07-02 15:06:05,840 - INFO - Fetching products from series: AXIS P13 Box Camera Series
2025-07-02 15:06:08,575 - INFO - Found product: AXIS P1385 Box Camera
2025-07-02 15:06:08,575 - INFO - Found product: AXIS P1385-B Box Camera
2025-07-02 15:06:08,575 - INFO - Found product: AXIS P1385-BE Box Camera
2025-07-02 15:06:08,575 - INFO - Found product: AXIS P1385-E Box Camera
2025-07-02 15:06:08,575 - INFO - Found product: AXIS P1387 Box Camera
2025-07-02 15:06:08,575 - INFO - Found product: AXIS P1387-B Box Camera
2025-07-02 15:06:08,575 - INFO - Found product: AXIS P1387-BE Box Camera
2025-07-02 15:06:08,575 - INFO - Found product: AXIS P1387-LE Box Camera
2025-07-02 15:06:08,575 - INFO - Found product: AXIS P1388 Box Camera
2025-07-02 15:06:08,575 - INFO - Found product: AXIS P1388-B Box Camera
2025-07-02 15:06:08,575 - INFO - Found product: AXIS P1388-BE Box Camera
2025-07-02 15:06:08,575 - INFO - Found product: AXIS P1388-LE Box Camera
2025-07-02 15:06:08,576 - INFO - Fetching datasheet for: AXIS P1385 Box Camera
2025-07-02 15:06:12,662 - INFO - Found datasheet: https://www.axis.com/dam/public/c7/c6/6b/datasheet-axis-p1385-box-camera-en-US-487329.pdf
2025-07-02 15:06:12,662 - INFO - Downloading and parsing PDF for: AXIS P1385 Box Camera
2025-07-02 15:06:15,520 - INFO - Extracted - SoC: ARTPEC-8, Memory: 1024 MB RAM
2025-07-02 15:06:15,520 - INFO - Completed product: AXIS P1385 Box Camera
2025-07-02 15:06:15,520 - INFO - Fetching datasheet for: AXIS P1385-B Box Camera
2025-07-02 15:06:17,730 - INFO - Found datasheet: https://www.axis.com/dam/public/cc/67/b0/datasheet-axis-p1385-b-box-camera-en-US-487450.pdf
2025-07-02 15:06:17,731 - INFO - Downloading and parsing PDF for: AXIS P1385-B Box Camera
2025-07-02 15:06:20,912 - INFO - Extracted - SoC: ARTPEC-8, Memory: 1024 MB RAM
2025-07-02 15:06:20,912 - INFO - Completed product: AXIS P1385-B Box Camera
2025-07-02 15:06:20,912 - INFO - Fetching datasheet for: AXIS P1385-BE Box Camera
2025-07-02 15:06:23,756 - INFO - Found datasheet: https://www.axis.com/dam/public/66/54/b0/datasheet-axis-p1385-be-box-camera-en-US-487447.pdf
2025-07-02 15:06:23,756 - INFO - Downloading and parsing PDF for: AXIS P1385-BE Box Camera
2025-07-02 15:06:27,052 - INFO - Extracted - SoC: ARTPEC-8, Memory: 1024 MB RAM
2025-07-02 15:06:27,052 - INFO - Completed product: AXIS P1385-BE Box Camera
2025-07-02 15:06:27,052 - INFO - Fetching datasheet for: AXIS P1385-E Box Camera
2025-07-02 15:06:29,860 - INFO - Found datasheet: https://www.axis.com/dam/public/e1/de/64/datasheet-axis-p1385-e-box-camera-en-US-487444.pdf
2025-07-02 15:06:29,860 - INFO - Downloading and parsing PDF for: AXIS P1385-E Box Camera
2025-07-02 15:06:31,670 - INFO - Extracted - SoC: ARTPEC-8, Memory: 1024 MB RAM
2025-07-02 15:06:31,670 - INFO - Completed product: AXIS P1385-E Box Camera
2025-07-02 15:06:31,671 - INFO - Saved 70 products to progress_results.json
2025-07-02 15:06:31,671 - INFO - Fetching datasheet for: AXIS P1387 Box Camera
2025-07-02 15:06:34,741 - INFO - Found datasheet: https://www.axis.com/dam/public/4c/04/40/datasheet-axis-p1387-box-camera-en-US-487330.pdf
2025-07-02 15:06:34,742 - INFO - Downloading and parsing PDF for: AXIS P1387 Box Camera
2025-07-02 15:06:38,171 - INFO - Extracted - SoC: ARTPEC-8, Memory: 2048 MB RAM
2025-07-02 15:06:38,171 - INFO - Completed product: AXIS P1387 Box Camera
2025-07-02 15:06:38,171 - INFO - Fetching datasheet for: AXIS P1387-B Box Camera
2025-07-02 15:06:41,577 - INFO - Found datasheet: https://www.axis.com/dam/public/b9/4d/c2/datasheet-axis-p1387-b-box-camera-en-US-487449.pdf
2025-07-02 15:06:41,577 - INFO - Downloading and parsing PDF for: AXIS P1387-B Box Camera
2025-07-02 15:06:43,620 - INFO - Extracted - SoC: ARTPEC-8, Memory: 2048 MB RAM
2025-07-02 15:06:43,620 - INFO - Completed product: AXIS P1387-B Box Camera
2025-07-02 15:06:43,620 - INFO - Fetching datasheet for: AXIS P1387-BE Box Camera
2025-07-02 15:06:46,161 - INFO - Found datasheet: https://www.axis.com/dam/public/f9/e1/84/datasheet-axis-p1387-be-box-camera-en-US-487446.pdf
2025-07-02 15:06:46,161 - INFO - Downloading and parsing PDF for: AXIS P1387-BE Box Camera
2025-07-02 15:06:47,947 - INFO - Extracted - SoC: ARTPEC-8, Memory: 2048 MB RAM
2025-07-02 15:06:47,947 - INFO - Completed product: AXIS P1387-BE Box Camera
2025-07-02 15:06:47,947 - INFO - Fetching datasheet for: AXIS P1387-LE Box Camera
2025-07-02 15:06:50,692 - INFO - Found datasheet: https://www.axis.com/dam/public/22/03/6b/datasheet-axis-p1387-le-box-camera-en-US-487443.pdf
2025-07-02 15:06:50,692 - INFO - Downloading and parsing PDF for: AXIS P1387-LE Box Camera
2025-07-02 15:06:53,730 - INFO - Extracted - SoC: ARTPEC-8, Memory: 2048 MB RAM
2025-07-02 15:06:53,731 - INFO - Completed product: AXIS P1387-LE Box Camera
2025-07-02 15:06:53,731 - INFO - Fetching datasheet for: AXIS P1388 Box Camera
2025-07-02 15:06:55,475 - INFO - Found datasheet: https://www.axis.com/dam/public/b9/d0/fc/datasheet-axis-p1388-box-camera-en-US-487451.pdf
2025-07-02 15:06:55,475 - INFO - Downloading and parsing PDF for: AXIS P1388 Box Camera
2025-07-02 15:06:57,872 - INFO - Extracted - SoC: ARTPEC-8, Memory: 2048 MB RAM
2025-07-02 15:06:57,873 - INFO - Completed product: AXIS P1388 Box Camera
2025-07-02 15:06:57,873 - INFO - Fetching datasheet for: AXIS P1388-B Box Camera
2025-07-02 15:07:00,980 - INFO - Found datasheet: https://www.axis.com/dam/public/30/96/8f/datasheet-axis-p1388-b-box-camera-en-US-487448.pdf
2025-07-02 15:07:00,980 - INFO - Downloading and parsing PDF for: AXIS P1388-B Box Camera
2025-07-02 15:07:04,067 - INFO - Extracted - SoC: ARTPEC-8, Memory: 2048 MB RAM
2025-07-02 15:07:04,068 - INFO - Completed product: AXIS P1388-B Box Camera
2025-07-02 15:07:04,068 - INFO - Fetching datasheet for: AXIS P1388-BE Box Camera
2025-07-02 15:07:06,923 - INFO - Found datasheet: https://www.axis.com/dam/public/e5/3b/d7/datasheet-axis-p1388-be-box-camera-en-US-487445.pdf
2025-07-02 15:07:06,923 - INFO - Downloading and parsing PDF for: AXIS P1388-BE Box Camera
2025-07-02 15:07:10,227 - INFO - Extracted - SoC: ARTPEC-8, Memory: 2048 MB RAM
2025-07-02 15:07:10,227 - INFO - Completed product: AXIS P1388-BE Box Camera
2025-07-02 15:07:10,228 - INFO - Fetching datasheet for: AXIS P1388-LE Box Camera
2025-07-02 15:07:14,153 - INFO - Found datasheet: https://www.axis.com/dam/public/be/32/3d/datasheet-axis-p1388-le-box-camera-en-US-487452.pdf
2025-07-02 15:07:14,153 - INFO - Downloading and parsing PDF for: AXIS P1388-LE Box Camera
2025-07-02 15:07:16,052 - INFO - Extracted - SoC: ARTPEC-8, Memory: 2048 MB RAM
2025-07-02 15:07:16,053 - INFO - Completed product: AXIS P1388-LE Box Camera
2025-07-02 15:07:16,053 - INFO - Processing series: AXIS P15 Box Camera Series
2025-07-02 15:07:16,053 - INFO - Fetching products from series: AXIS P15 Box Camera Series
2025-07-02 15:07:18,411 - INFO - Found product: AXIS P1518-LE Box Camera
2025-07-02 15:07:18,411 - INFO - Fetching datasheet for: AXIS P1518-LE Box Camera
2025-07-02 15:07:21,208 - INFO - Found datasheet: https://www.axis.com/dam/public/permalink/237038/datasheet-axis-p1518-le-box-camera-en-US_237038.pdf
2025-07-02 15:07:21,208 - INFO - Downloading and parsing PDF for: AXIS P1518-LE Box Camera
2025-07-02 15:07:24,150 - INFO - Extracted - SoC: ARTPEC-8, Memory: 2 GB RAM
2025-07-02 15:07:24,150 - INFO - Completed product: AXIS P1518-LE Box Camera
2025-07-02 15:07:24,150 - INFO - Processing series: AXIS Q16 Box Camera Series
2025-07-02 15:07:24,150 - INFO - Fetching products from series: AXIS Q16 Box Camera Series
2025-07-02 15:07:26,511 - INFO - Found product: AXIS Q1615-LE Mk III Network Camera
2025-07-02 15:07:26,512 - INFO - Found product: AXIS Q1656 Box Camera
2025-07-02 15:07:26,512 - INFO - Found product: AXIS Q1656-B Box Camera
2025-07-02 15:07:26,512 - INFO - Found product: AXIS Q1656-BE Box Camera
2025-07-02 15:07:26,512 - INFO - Found product: AXIS Q1656-BLE Box Camera
2025-07-02 15:07:26,512 - INFO - Found product: AXIS Q1656-DLE Radar-Video Fusion Camera
2025-07-02 15:07:26,512 - INFO - Found product: AXIS Q1656-LE Box Camera
2025-07-02 15:07:26,512 - INFO - Found product: AXIS Q1686-DLE Radar-Video Fusion Camera
2025-07-02 15:07:26,512 - INFO - Fetching datasheet for: AXIS Q1615-LE Mk III Network Camera
2025-07-02 15:07:28,899 - INFO - Found datasheet: https://www.axis.com/dam/public/0c/f7/79/datasheet-axis-q1615-le-mk-iii-network-camera-en-US-487381.pdf
2025-07-02 15:07:28,899 - INFO - Downloading and parsing PDF for: AXIS Q1615-LE Mk III Network Camera
2025-07-02 15:07:30,706 - INFO - Extracted - SoC: ARTPEC-7, Memory: 2048 MB RAM
2025-07-02 15:07:30,707 - INFO - Completed product: AXIS Q1615-LE Mk III Network Camera
2025-07-02 15:07:30,708 - INFO - Saved 80 products to progress_results.json
2025-07-02 15:07:30,708 - INFO - Fetching datasheet for: AXIS Q1656 Box Camera
2025-07-02 15:07:33,477 - INFO - Found datasheet: https://www.axis.com/dam/public/b6/63/26/datasheet-axis-q1656-box-camera-en-US-487401.pdf
2025-07-02 15:07:33,477 - INFO - Downloading and parsing PDF for: AXIS Q1656 Box Camera
2025-07-02 15:07:35,188 - INFO - Extracted - SoC: ARTPEC-8, Memory: 2048 MB RAM
2025-07-02 15:07:35,189 - INFO - Completed product: AXIS Q1656 Box Camera
2025-07-02 15:07:35,189 - INFO - Fetching datasheet for: AXIS Q1656-B Box Camera
2025-07-02 15:07:36,455 - INFO - Found datasheet: https://www.axis.com/dam/public/ad/19/18/datasheet-axis-q1656-b-box-camera-en-US-487405.pdf
2025-07-02 15:07:36,456 - INFO - Downloading and parsing PDF for: AXIS Q1656-B Box Camera
2025-07-02 15:07:39,846 - INFO - Extracted - SoC: ARTPEC-8, Memory: 2048 MB RAM
2025-07-02 15:07:39,846 - INFO - Completed product: AXIS Q1656-B Box Camera
2025-07-02 15:07:39,846 - INFO - Fetching datasheet for: AXIS Q1656-BE Box Camera
2025-07-02 15:07:42,003 - INFO - Found datasheet: https://www.axis.com/dam/public/f2/f8/76/datasheet-axis-q1656-be-box-camera-en-US-487399.pdf
2025-07-02 15:07:42,003 - INFO - Downloading and parsing PDF for: AXIS Q1656-BE Box Camera
2025-07-02 15:07:45,250 - INFO - Extracted - SoC: ARTPEC-8, Memory: 2048 MB RAM
2025-07-02 15:07:45,251 - INFO - Completed product: AXIS Q1656-BE Box Camera
2025-07-02 15:07:45,251 - INFO - Fetching datasheet for: AXIS Q1656-BLE Box Camera
2025-07-02 15:07:48,360 - INFO - Found datasheet: https://www.axis.com/dam/public/e4/a9/03/datasheet-axis-q1656-ble-box-camera-en-US-487398.pdf
2025-07-02 15:07:48,361 - INFO - Downloading and parsing PDF for: AXIS Q1656-BLE Box Camera
2025-07-02 15:07:51,800 - INFO - Extracted - SoC: ARTPEC-8, Memory: 2048 MB RAM
2025-07-02 15:07:51,801 - INFO - Completed product: AXIS Q1656-BLE Box Camera
2025-07-02 15:07:51,801 - INFO - Fetching datasheet for: AXIS Q1656-DLE Radar-Video Fusion Camera
2025-07-02 15:07:53,668 - INFO - Found datasheet: https://www.axis.com/dam/public/b2/1b/43/datasheet-axis-q1656-dle-radar-video-fusion-camera-en-US-450995.pdf
2025-07-02 15:07:53,668 - INFO - Downloading and parsing PDF for: AXIS Q1656-DLE Radar-Video Fusion Camera
2025-07-02 15:07:56,404 - INFO - Extracted - SoC: KS, Memory: 2048 MB RAM
2025-07-02 15:07:56,404 - INFO - Completed product: AXIS Q1656-DLE Radar-Video Fusion Camera
2025-07-02 15:07:56,404 - INFO - Fetching datasheet for: AXIS Q1656-LE Box Camera
2025-07-02 15:08:00,554 - INFO - Found datasheet: https://www.axis.com/dam/public/c8/b7/8c/datasheet-axis-q1656-le-box-camera-en-US-487400.pdf
2025-07-02 15:08:00,554 - INFO - Downloading and parsing PDF for: AXIS Q1656-LE Box Camera
2025-07-02 15:08:03,141 - INFO - Extracted - SoC: ARTPEC-8, Memory: 2048 MB RAM
2025-07-02 15:08:03,142 - INFO - Completed product: AXIS Q1656-LE Box Camera
2025-07-02 15:08:03,142 - INFO - Fetching datasheet for: AXIS Q1686-DLE Radar-Video Fusion Camera
2025-07-02 15:08:05,945 - INFO - Found datasheet: https://www.axis.com/dam/public/84/c5/1f/datasheet-axis-q1686-dle-radar-video-fusion-camera-en-US-487458.pdf
2025-07-02 15:08:05,945 - INFO - Downloading and parsing PDF for: AXIS Q1686-DLE Radar-Video Fusion Camera
2025-07-02 15:08:07,847 - INFO - Extracted - SoC: ARTPEC-8, Memory: 2048 MB RAM
2025-07-02 15:08:07,847 - INFO - Completed product: AXIS Q1686-DLE Radar-Video Fusion Camera
2025-07-02 15:08:07,847 - INFO - Processing series: AXIS Q17 Box Camera Series
2025-07-02 15:08:07,847 - INFO - Fetching products from series: AXIS Q17 Box Camera Series
2025-07-02 15:08:09,581 - INFO - Found product: AXIS Q1700-LE License Plate Camera
2025-07-02 15:08:09,582 - INFO - Found product: AXIS Q1715 Block Camera
2025-07-02 15:08:09,582 - INFO - Found product: AXIS Q1728 Block Camera
2025-07-02 15:08:09,582 - INFO - Fetching datasheet for: AXIS Q1700-LE License Plate Camera
2025-07-02 15:08:12,483 - INFO - Found datasheet: https://www.axis.com/dam/public/c2/9d/fa/datasheet-axis-q1700-le-license-plate-camera-en-US-463442.pdf
2025-07-02 15:08:12,483 - INFO - Downloading and parsing PDF for: AXIS Q1700-LE License Plate Camera
2025-07-02 15:08:14,937 - INFO - Extracted - SoC: ARTPEC-6, Memory: 1024 MB RAM
2025-07-02 15:08:14,937 - INFO - Completed product: AXIS Q1700-LE License Plate Camera
2025-07-02 15:08:14,937 - INFO - Fetching datasheet for: AXIS Q1715 Block Camera
2025-07-02 15:08:19,048 - INFO - Found datasheet: https://www.axis.com/dam/public/d9/2f/ec/datasheet-axis-q1715-block-camera-en-US-487395.pdf
2025-07-02 15:08:19,049 - INFO - Downloading and parsing PDF for: AXIS Q1715 Block Camera
2025-07-02 15:08:21,647 - INFO - Extracted - SoC: ARTPEC-7, Memory: 2048 MB RAM
2025-07-02 15:08:21,647 - INFO - Completed product: AXIS Q1715 Block Camera
2025-07-02 15:08:21,647 - INFO - Fetching datasheet for: AXIS Q1728 Block Camera
2025-07-02 15:08:24,700 - INFO - Found datasheet: https://www.axis.com/dam/public/9a/f3/48/datasheet-axis-q1728-block-camera-en-US-487467.pdf
2025-07-02 15:08:24,700 - INFO - Downloading and parsing PDF for: AXIS Q1728 Block Camera
2025-07-02 15:08:27,611 - INFO - Extracted - SoC: ARTPEC-9, Memory: 4 GB RAM
2025-07-02 15:08:27,611 - INFO - Completed product: AXIS Q1728 Block Camera
2025-07-02 15:08:27,612 - INFO - Saved 90 products to progress_results.json
2025-07-02 15:08:27,613 - INFO - Saved 90 products to axis_products_final.json
2025-07-02 15:08:27,613 - INFO - Scraping completed. Found 90 products.
